<?xml version="1.0" encoding="UTF-8"?>
<testng-results ignored="0" total="1" passed="1" failed="0" skipped="0">
  <reporter-output>
  </reporter-output>
  <suite started-at="2022-08-28T22:32:27 IST" name="Default suite" finished-at="2022-08-28T22:32:27 IST" duration-ms="49">
    <groups>
    </groups>
    <test started-at="2022-08-28T22:32:27 IST" name="Default test" finished-at="2022-08-28T22:32:27 IST" duration-ms="49">
      <class name="javaStream">
        <test-method signature="stream10()[pri:0, instance:javaStream@1bb266b3]" started-at="2022-08-28T22:32:27 IST" name="stream10" finished-at="2022-08-28T22:32:27 IST" duration-ms="7" status="PASS">
          <reporter-output>
          </reporter-output>
        </test-method> <!-- stream10 -->
      </class> <!-- javaStream -->
    </test> <!-- Default test -->
  </suite> <!-- Default suite -->
</testng-results>
